<?xml version="1.0" encoding="UTF-8"?>
<testng-results ignored="0" total="3" passed="3" failed="0" skipped="0">
  <reporter-output>
  </reporter-output>
  <suite started-at="2022-05-17T16:36:53 IST" name="Ecommerce Automation" finished-at="2022-05-17T16:37:21 IST" duration-ms="28148">
    <groups>
    </groups>
    <test started-at="2022-05-17T16:36:53 IST" name="End To End Tests" finished-at="2022-05-17T16:37:21 IST" duration-ms="28148">
      <class name="org.selenium.pom.tests.CouponsTest">
        <test-method is-config="true" signature="startDriver(java.lang.String)[pri:0, instance:org.selenium.pom.tests.CouponsTest@4d7e7435]" started-at="2022-05-17T16:36:53 IST" name="startDriver" finished-at="2022-05-17T16:37:01 IST" duration-ms="7537" status="PASS">
          <params>
            <param index="0">
              <value is-null="true"/>
            </param>
          </params>
          <reporter-output>
          </reporter-output>
        </test-method> <!-- startDriver -->
        <test-method signature="guestCheckoutUsingCoupons(java.lang.String)[pri:0, instance:org.selenium.pom.tests.CouponsTest@4d7e7435]" started-at="2022-05-17T16:37:01 IST" name="guestCheckoutUsingCoupons" description="Check Guest checkout Using Coupons" data-provider="getCoupons" finished-at="2022-05-17T16:37:08 IST" duration-ms="7456" status="PASS">
          <params>
            <param index="0">
              <value>
                <![CDATA[freeship]]>
              </value>
            </param>
          </params>
          <reporter-output>
          </reporter-output>
        </test-method> <!-- guestCheckoutUsingCoupons -->
        <test-method is-config="true" signature="quitDriver(org.testng.ITestResult, java.lang.String)[pri:0, instance:org.selenium.pom.tests.CouponsTest@4d7e7435]" started-at="2022-05-17T16:37:08 IST" name="quitDriver" finished-at="2022-05-17T16:37:08 IST" duration-ms="215" status="PASS">
          <params>
            <param index="0">
              <value>
                <![CDATA[[TestResult name=guestCheckoutUsingCoupons status=SUCCESS method=CouponsTest.guestCheckoutUsingCoupons(java.lang.String)[pri:0, instance:org.selenium.pom.tests.CouponsTest@4d7e7435] output={null}]]]>
              </value>
            </param>
            <param index="1">
              <value>
                <![CDATA[chrome]]>
              </value>
            </param>
          </params>
          <reporter-output>
          </reporter-output>
        </test-method> <!-- quitDriver -->
        <test-method is-config="true" signature="startDriver(java.lang.String)[pri:0, instance:org.selenium.pom.tests.CouponsTest@4d7e7435]" started-at="2022-05-17T16:37:08 IST" name="startDriver" finished-at="2022-05-17T16:37:11 IST" duration-ms="2430" status="PASS">
          <params>
            <param index="0">
              <value is-null="true"/>
            </param>
          </params>
          <reporter-output>
          </reporter-output>
        </test-method> <!-- startDriver -->
        <test-method signature="guestCheckoutUsingCoupons(java.lang.String)[pri:0, instance:org.selenium.pom.tests.CouponsTest@4d7e7435]" started-at="2022-05-17T16:37:11 IST" name="guestCheckoutUsingCoupons" description="Check Guest checkout Using Coupons" data-provider="getCoupons" finished-at="2022-05-17T16:37:15 IST" duration-ms="4294" status="PASS">
          <params>
            <param index="0">
              <value>
                <![CDATA[off25]]>
              </value>
            </param>
          </params>
          <reporter-output>
          </reporter-output>
        </test-method> <!-- guestCheckoutUsingCoupons -->
        <test-method is-config="true" signature="quitDriver(org.testng.ITestResult, java.lang.String)[pri:0, instance:org.selenium.pom.tests.CouponsTest@4d7e7435]" started-at="2022-05-17T16:37:15 IST" name="quitDriver" finished-at="2022-05-17T16:37:15 IST" duration-ms="212" status="PASS">
          <params>
            <param index="0">
              <value>
                <![CDATA[[TestResult name=guestCheckoutUsingCoupons status=SUCCESS method=CouponsTest.guestCheckoutUsingCoupons(java.lang.String)[pri:0, instance:org.selenium.pom.tests.CouponsTest@4d7e7435] output={null}]]]>
              </value>
            </param>
            <param index="1">
              <value>
                <![CDATA[chrome]]>
              </value>
            </param>
          </params>
          <reporter-output>
          </reporter-output>
        </test-method> <!-- quitDriver -->
        <test-method is-config="true" signature="startDriver(java.lang.String)[pri:0, instance:org.selenium.pom.tests.CouponsTest@4d7e7435]" started-at="2022-05-17T16:37:15 IST" name="startDriver" finished-at="2022-05-17T16:37:17 IST" duration-ms="2064" status="PASS">
          <params>
            <param index="0">
              <value is-null="true"/>
            </param>
          </params>
          <reporter-output>
          </reporter-output>
        </test-method> <!-- startDriver -->
        <test-method signature="guestCheckoutUsingCoupons(java.lang.String)[pri:0, instance:org.selenium.pom.tests.CouponsTest@4d7e7435]" started-at="2022-05-17T16:37:17 IST" name="guestCheckoutUsingCoupons" description="Check Guest checkout Using Coupons" data-provider="getCoupons" finished-at="2022-05-17T16:37:21 IST" duration-ms="3482" status="PASS">
          <params>
            <param index="0">
              <value>
                <![CDATA[offcart5]]>
              </value>
            </param>
          </params>
          <reporter-output>
          </reporter-output>
        </test-method> <!-- guestCheckoutUsingCoupons -->
        <test-method is-config="true" signature="quitDriver(org.testng.ITestResult, java.lang.String)[pri:0, instance:org.selenium.pom.tests.CouponsTest@4d7e7435]" started-at="2022-05-17T16:37:21 IST" name="quitDriver" finished-at="2022-05-17T16:37:21 IST" duration-ms="176" status="PASS">
          <params>
            <param index="0">
              <value>
                <![CDATA[[TestResult name=guestCheckoutUsingCoupons status=SUCCESS method=CouponsTest.guestCheckoutUsingCoupons(java.lang.String)[pri:0, instance:org.selenium.pom.tests.CouponsTest@4d7e7435] output={null}]]]>
              </value>
            </param>
            <param index="1">
              <value>
                <![CDATA[chrome]]>
              </value>
            </param>
          </params>
          <reporter-output>
          </reporter-output>
        </test-method> <!-- quitDriver -->
      </class> <!-- org.selenium.pom.tests.CouponsTest -->
    </test> <!-- End To End Tests -->
  </suite> <!-- Ecommerce Automation -->
</testng-results>
