<?xml version="1.0" encoding="UTF-8"?>
<!-- Generated by org.testng.reporters.JUnitXMLReporter -->
<testsuite ignored="0" hostname="ET-C02T91MYG8WN.local" failures="0" tests="3" name="End To End Tests" time="25.386" errors="0" timestamp="2022-05-17T15:10:19 IST">
  <testcase classname="org.selenium.pom.tests.CouponsTest" name="guestCheckoutUsingCoupons" time="6.753"/>
  <testcase classname="org.selenium.pom.tests.CouponsTest" name="guestCheckoutUsingCoupons" time="4.044"/>
  <testcase classname="org.selenium.pom.tests.CouponsTest" name="guestCheckoutUsingCoupons" time="4.155"/>
</testsuite> <!-- End To End Tests -->
