<?xml version="1.0" encoding="UTF-8"?>
<!-- Generated by org.testng.reporters.JUnitXMLReporter -->
<testsuite ignored="0" hostname="ET-C02T91MYG8WN.local" failures="0" tests="3" name="End To End Tests" time="28.148" errors="0" timestamp="2022-05-17T16:37:21 IST">
  <testcase classname="org.selenium.pom.tests.CouponsTest" name="guestCheckoutUsingCoupons" time="7.456"/>
  <testcase classname="org.selenium.pom.tests.CouponsTest" name="guestCheckoutUsingCoupons" time="4.294"/>
  <testcase classname="org.selenium.pom.tests.CouponsTest" name="guestCheckoutUsingCoupons" time="3.482"/>
</testsuite> <!-- End To End Tests -->
